<?xml version="1.0" encoding="UTF-8"?>
<testsuite xmlns:xsi="http://www.w3.org/2001/XMLSchema-instance" xsi:noNamespaceSchemaLocation="https://maven.apache.org/surefire/maven-surefire-plugin/xsd/surefire-test-report-3.0.xsd" version="3.0" name="UploadGradeServiceTest" time="0.246" tests="2" errors="0" skipped="0" failures="0">
  <properties>
[...]
</properties>
  <testcase name="test1" classname="UploadGradeServiceTest" time="0.085">
    <system-out><![CDATA[Logging initialized using 'class org.apache.ibatis.logging.stdout.StdOutImpl' adapter.
Find JAR URL: file:/C:/Users/putao/Desktop/school/target/classes/com/ecut/pojo
Not a JAR: file:/C:/Users/putao/Desktop/school/target/classes/com/ecut/pojo
Reader entry: Admin.class
Reader entry: Classes.class
Reader entry: ClassesSmall.class
Reader entry: Course.class
Reader entry: CourseScore.class
Reader entry: CourseSmall.class
Reader entry: Jobs.class
Reader entry: Lecture.class
Reader entry: Lost.class
Reader entry: Page.class
Reader entry: Score.class
Reader entry: SheTuan.class
Reader entry: SheTuanActivity.class
Reader entry: Student.class
Reader entry: StudentLogin.class
Reader entry: StudentSmall.class
Reader entry: Tcourse.class
Reader entry: Teacher.class
Reader entry: TeacherLogin.class
Reader entry: TeacherSmall.class
Listing file:/C:/Users/putao/Desktop/school/target/classes/com/ecut/pojo
Find JAR URL: file:/C:/Users/putao/Desktop/school/target/classes/com/ecut/pojo/Admin.class
Not a JAR: file:/C:/Users/putao/Desktop/school/target/classes/com/ecut/pojo/Admin.class
Reader entry: 漱壕&amp#0;&amp#0;&amp#0;4&amp#0;V	&amp#0;&amp#4;&amp#0;A	&amp#0;&amp#4;&amp#0;B	&amp#0;&amp#4;&amp#0;C&amp#7;&amp#0;D
Find JAR URL: file:/C:/Users/putao/Desktop/school/target/classes/com/ecut/pojo/Classes.class
Not a JAR: file:/C:/Users/putao/Desktop/school/target/classes/com/ecut/pojo/Classes.class
Reader entry: 漱壕&amp#0;&amp#0;&amp#0;4&amp#0;z	&amp#0;&amp#6;&amp#0;]	&amp#0;&amp#6;&amp#0;^	&amp#0;&amp#6;&amp#0;_	&amp#0;&amp#6;&amp#0;`	&amp#0;&amp#6;&amp#0;a&amp#7;&amp#0;b
Find JAR URL: file:/C:/Users/putao/Desktop/school/target/classes/com/ecut/pojo/ClassesSmall.class
Not a JAR: file:/C:/Users/putao/Desktop/school/target/classes/com/ecut/pojo/ClassesSmall.class
Reader entry: 漱壕&amp#0;&amp#0;&amp#0;4&amp#0;J	&amp#0;&amp#3;&amp#0;8	&amp#0;&amp#3;&amp#0;9&amp#7;&amp#0;:
Find JAR URL: file:/C:/Users/putao/Desktop/school/target/classes/com/ecut/pojo/Course.class
Not a JAR: file:/C:/Users/putao/Desktop/school/target/classes/com/ecut/pojo/Course.class
Reader entry: 漱壕&amp#0;&amp#0;&amp#0;4&amp#0;�	&amp#0;	&amp#0;}	&amp#0;	&amp#0;~	&amp#0;	&amp#0;	&amp#0;	&amp#0;�	&amp#0;	&amp#0;�	&amp#0;	&amp#0;�	&amp#0;	&amp#0;�	&amp#0;	&amp#0;�&amp#7;&amp#0;�
Find JAR URL: file:/C:/Users/putao/Desktop/school/target/classes/com/ecut/pojo/CourseScore.class
Not a JAR: file:/C:/Users/putao/Desktop/school/target/classes/com/ecut/pojo/CourseScore.class
Reader entry: 漱壕&amp#0;&amp#0;&amp#0;4&amp#0;t	&amp#0;&amp#6;&amp#0;W	&amp#0;&amp#6;&amp#0;X	&amp#0;&amp#6;&amp#0;Y	&amp#0;&amp#6;&amp#0;Z	&amp#0;&amp#6;&amp#0;[&amp#7;&amp#0;\
Find JAR URL: file:/C:/Users/putao/Desktop/school/target/classes/com/ecut/pojo/CourseSmall.class
Not a JAR: file:/C:/Users/putao/Desktop/school/target/classes/com/ecut/pojo/CourseSmall.class
Reader entry: 漱壕&amp#0;&amp#0;&amp#0;4&amp#0;J	&amp#0;&amp#3;&amp#0;8	&amp#0;&amp#3;&amp#0;9&amp#7;&amp#0;:
Find JAR URL: file:/C:/Users/putao/Desktop/school/target/classes/com/ecut/pojo/Jobs.class
Not a JAR: file:/C:/Users/putao/Desktop/school/target/classes/com/ecut/pojo/Jobs.class
Reader entry: 漱壕&amp#0;&amp#0;&amp#0;4&amp#0;�	&amp#0;&amp#7;&amp#0;`	&amp#0;&amp#7;&amp#0;a	&amp#0;&amp#7;&amp#0;b	&amp#0;&amp#7;&amp#0;c	&amp#0;&amp#7;&amp#0;d	&amp#0;&amp#7;&amp#0;e&amp#7;&amp#0;f
Find JAR URL: file:/C:/Users/putao/Desktop/school/target/classes/com/ecut/pojo/Lecture.class
Not a JAR: file:/C:/Users/putao/Desktop/school/target/classes/com/ecut/pojo/Lecture.class
Reader entry: 漱壕&amp#0;&amp#0;&amp#0;4&amp#0;�	&amp#0;&amp#7;&amp#0;c	&amp#0;&amp#7;&amp#0;d	&amp#0;&amp#7;&amp#0;e	&amp#0;&amp#7;&amp#0;f	&amp#0;&amp#7;&amp#0;g	&amp#0;&amp#7;&amp#0;h&amp#7;&amp#0;i
Find JAR URL: file:/C:/Users/putao/Desktop/school/target/classes/com/ecut/pojo/Lost.class
Not a JAR: file:/C:/Users/putao/Desktop/school/target/classes/com/ecut/pojo/Lost.class
Reader entry: 漱壕&amp#0;&amp#0;&amp#0;4&amp#0;&amp#26;
Find JAR URL: file:/C:/Users/putao/Desktop/school/target/classes/com/ecut/pojo/Page.class
Not a JAR: file:/C:/Users/putao/Desktop/school/target/classes/com/ecut/pojo/Page.class
Reader entry: 漱壕&amp#0;&amp#0;&amp#0;4&amp#0;<
Find JAR URL: file:/C:/Users/putao/Desktop/school/target/classes/com/ecut/pojo/Score.class
Not a JAR: file:/C:/Users/putao/Desktop/school/target/classes/com/ecut/pojo/Score.class
Reader entry: 漱壕&amp#0;&amp#0;&amp#0;4&amp#0;\	&amp#0;&amp#4;&amp#0;E	&amp#0;&amp#4;&amp#0;F	&amp#0;&amp#4;&amp#0;G&amp#7;&amp#0;H
Find JAR URL: file:/C:/Users/putao/Desktop/school/target/classes/com/ecut/pojo/SheTuan.class
Not a JAR: file:/C:/Users/putao/Desktop/school/target/classes/com/ecut/pojo/SheTuan.class
Reader entry: 漱壕&amp#0;&amp#0;&amp#0;4&amp#0;e	&amp#0;&amp#4;&amp#0;N	&amp#0;&amp#4;&amp#0;O	&amp#0;&amp#4;&amp#0;P&amp#7;&amp#0;Q
Find JAR URL: file:/C:/Users/putao/Desktop/school/target/classes/com/ecut/pojo/SheTuanActivity.class
Not a JAR: file:/C:/Users/putao/Desktop/school/target/classes/com/ecut/pojo/SheTuanActivity.class
Reader entry: 漱壕&amp#0;&amp#0;&amp#0;4&amp#0;�	&amp#0;&amp#7;&amp#0;c	&amp#0;&amp#7;&amp#0;d	&amp#0;&amp#7;&amp#0;e	&amp#0;&amp#7;&amp#0;f	&amp#0;&amp#7;&amp#0;g	&amp#0;&amp#7;&amp#0;h&amp#7;&amp#0;i
Find JAR URL: file:/C:/Users/putao/Desktop/school/target/classes/com/ecut/pojo/Student.class
Not a JAR: file:/C:/Users/putao/Desktop/school/target/classes/com/ecut/pojo/Student.class
Reader entry: 漱壕&amp#0;&amp#0;&amp#0;4&amp#0;�	&amp#0;&amp#11;&amp#0;�	&amp#0;&amp#11;&amp#0;�	&amp#0;&amp#11;&amp#0;�	&amp#0;&amp#11;&amp#0;�	&amp#0;&amp#11;&amp#0;�	&amp#0;&amp#11;&amp#0;�	&amp#0;&amp#11;&amp#0;�	&amp#0;&amp#11;&amp#0;�	&amp#0;&amp#11;&amp#0;�	&amp#0;&amp#11;&amp#0;�&amp#7;&amp#0;�
Find JAR URL: file:/C:/Users/putao/Desktop/school/target/classes/com/ecut/pojo/StudentLogin.class
Not a JAR: file:/C:/Users/putao/Desktop/school/target/classes/com/ecut/pojo/StudentLogin.class
Reader entry: 漱壕&amp#0;&amp#0;&amp#0;4&amp#0;J	&amp#0;&amp#3;&amp#0;8	&amp#0;&amp#3;&amp#0;9&amp#7;&amp#0;:
Find JAR URL: file:/C:/Users/putao/Desktop/school/target/classes/com/ecut/pojo/StudentSmall.class
Not a JAR: file:/C:/Users/putao/Desktop/school/target/classes/com/ecut/pojo/StudentSmall.class
Reader entry: 漱壕&amp#0;&amp#0;&amp#0;4&amp#0;J	&amp#0;&amp#3;&amp#0;8	&amp#0;&amp#3;&amp#0;9&amp#7;&amp#0;:
Find JAR URL: file:/C:/Users/putao/Desktop/school/target/classes/com/ecut/pojo/Tcourse.class
Not a JAR: file:/C:/Users/putao/Desktop/school/target/classes/com/ecut/pojo/Tcourse.class
Reader entry: 漱壕&amp#0;&amp#0;&amp#0;4&amp#0;J	&amp#0;&amp#3;&amp#0;8	&amp#0;&amp#3;&amp#0;9&amp#7;&amp#0;:
Find JAR URL: file:/C:/Users/putao/Desktop/school/target/classes/com/ecut/pojo/Teacher.class
Not a JAR: file:/C:/Users/putao/Desktop/school/target/classes/com/ecut/pojo/Teacher.class
Reader entry: 漱壕&amp#0;&amp#0;&amp#0;4&amp#0;�	&amp#0;	&amp#0;z	&amp#0;	&amp#0;{	&amp#0;	&amp#0;|	&amp#0;	&amp#0;}	&amp#0;	&amp#0;~	&amp#0;	&amp#0;	&amp#0;	&amp#0;�	&amp#0;	&amp#0;�&amp#7;&amp#0;�
Find JAR URL: file:/C:/Users/putao/Desktop/school/target/classes/com/ecut/pojo/TeacherLogin.class
Not a JAR: file:/C:/Users/putao/Desktop/school/target/classes/com/ecut/pojo/TeacherLogin.class
Reader entry: 漱壕&amp#0;&amp#0;&amp#0;4&amp#0;J	&amp#0;&amp#3;&amp#0;8	&amp#0;&amp#3;&amp#0;9&amp#7;&amp#0;:
Find JAR URL: file:/C:/Users/putao/Desktop/school/target/classes/com/ecut/pojo/TeacherSmall.class
Not a JAR: file:/C:/Users/putao/Desktop/school/target/classes/com/ecut/pojo/TeacherSmall.class
Reader entry: 漱壕&amp#0;&amp#0;&amp#0;4&amp#0;J	&amp#0;&amp#3;&amp#0;8	&amp#0;&amp#3;&amp#0;9&amp#7;&amp#0;:
Checking to see if class com.ecut.pojo.Admin matches criteria [is assignable to Object]
Checking to see if class com.ecut.pojo.Classes matches criteria [is assignable to Object]
Checking to see if class com.ecut.pojo.ClassesSmall matches criteria [is assignable to Object]
Checking to see if class com.ecut.pojo.Course matches criteria [is assignable to Object]
Checking to see if class com.ecut.pojo.CourseScore matches criteria [is assignable to Object]
Checking to see if class com.ecut.pojo.CourseSmall matches criteria [is assignable to Object]
Checking to see if class com.ecut.pojo.Jobs matches criteria [is assignable to Object]
Checking to see if class com.ecut.pojo.Lecture matches criteria [is assignable to Object]
Checking to see if class com.ecut.pojo.Lost matches criteria [is assignable to Object]
Checking to see if class com.ecut.pojo.Page matches criteria [is assignable to Object]
Checking to see if class com.ecut.pojo.Score matches criteria [is assignable to Object]
Checking to see if class com.ecut.pojo.SheTuan matches criteria [is assignable to Object]
Checking to see if class com.ecut.pojo.SheTuanActivity matches criteria [is assignable to Object]
Checking to see if class com.ecut.pojo.Student matches criteria [is assignable to Object]
Checking to see if class com.ecut.pojo.StudentLogin matches criteria [is assignable to Object]
Checking to see if class com.ecut.pojo.StudentSmall matches criteria [is assignable to Object]
Checking to see if class com.ecut.pojo.Tcourse matches criteria [is assignable to Object]
Checking to see if class com.ecut.pojo.Teacher matches criteria [is assignable to Object]
Checking to see if class com.ecut.pojo.TeacherLogin matches criteria [is assignable to Object]
Checking to see if class com.ecut.pojo.TeacherSmall matches criteria [is assignable to Object]
Creating a new SqlSession
SqlSession [org.apache.ibatis.session.defaults.DefaultSqlSession@6ca8fcf3] was not registered for synchronization because synchronization is not active
JDBC Connection [com.mchange.v2.c3p0.impl.NewProxyConnection@1d408060 [wrapping: com.mysql.cj.jdbc.ConnectionImpl@68a78f3c]] will not be managed by Spring
==>  Preparing: select stu.student_name studentName,stu.student_gender studentGender,stu.student_id studentId,stu.student_class_id studentClassId,c.course_id course_id,c.course_name course_name,c.course_teacher courseTeacher from student stu,score sco,course c where stu.student_id=sco.student_id and sco.course_id=c.course_id and c.course_id=?
==> Parameters: 0tuyXiqw(String)
<==      Total: 0
Closing non transactional SqlSession [org.apache.ibatis.session.defaults.DefaultSqlSession@6ca8fcf3]
null
]]></system-out>
    <system-err><![CDATA[5月 13, 2023 8:23:24 下午 com.mchange.v2.c3p0.impl.AbstractPoolBackedDataSource 
信息: Initializing c3p0 pool... com.mchange.v2.c3p0.ComboPooledDataSource [ acquireIncrement -> 3, acquireRetryAttempts -> 2, acquireRetryDelay -> 1000, autoCommitOnClose -> false, automaticTestTable -> null, breakAfterAcquireFailure -> false, checkoutTimeout -> 10000, connectionCustomizerClassName -> null, connectionTesterClassName -> com.mchange.v2.c3p0.impl.DefaultConnectionTester, contextClassLoaderSource -> caller, dataSourceName -> 2rywneaw5uf1ka1ey5bek|35ee466f, debugUnreturnedConnectionStackTraces -> false, description -> null, driverClass -> com.mysql.cj.jdbc.Driver, extensions -> {}, factoryClassLocation -> null, forceIgnoreUnresolvedTransactions -> false, forceSynchronousCheckins -> false, forceUseNamedDriverClass -> false, identityToken -> 2rywneaw5uf1ka1ey5bek|35ee466f, idleConnectionTestPeriod -> 0, initialPoolSize -> 3, jdbcUrl -> jdbc:mysql://localhost:3306/school?serverTimezone=Asia/Shanghai&useSSL=true&useUnicode=true&characterEncoding=UTF-8&allowMultiQueries=true, maxAdministrativeTaskTime -> 0, maxConnectionAge -> 0, maxIdleTime -> 0, maxIdleTimeExcessConnections -> 0, maxPoolSize -> 30, maxStatements -> 0, maxStatementsPerConnection -> 0, minPoolSize -> 10, numHelperThreads -> 3, preferredTestQuery -> null, privilegeSpawnedThreads -> false, properties -> {password=******, user=******}, propertyCycle -> 0, statementCacheNumDeferredCloseThreads -> 0, testConnectionOnCheckin -> false, testConnectionOnCheckout -> false, unreturnedConnectionTimeout -> 0, userOverrides -> {}, usesTraditionalReflectiveProxies -> false ]
5月 13, 2023 8:23:24 下午 com.mchange.v2.resourcepool.BasicResourcePool 
警告: Bad pool size config, start 3 < min 10. Using 10 as start.
]]></system-err>
  </testcase>
  <testcase name="test2" classname="UploadGradeServiceTest" time="0.161">
    <system-out><![CDATA[Logging initialized using 'class org.apache.ibatis.logging.stdout.StdOutImpl' adapter.
Find JAR URL: file:/C:/Users/putao/Desktop/school/target/classes/com/ecut/pojo
Not a JAR: file:/C:/Users/putao/Desktop/school/target/classes/com/ecut/pojo
Reader entry: Admin.class
Reader entry: Classes.class
Reader entry: ClassesSmall.class
Reader entry: Course.class
Reader entry: CourseScore.class
Reader entry: CourseSmall.class
Reader entry: Jobs.class
Reader entry: Lecture.class
Reader entry: Lost.class
Reader entry: Page.class
Reader entry: Score.class
Reader entry: SheTuan.class
Reader entry: SheTuanActivity.class
Reader entry: Student.class
Reader entry: StudentLogin.class
Reader entry: StudentSmall.class
Reader entry: Tcourse.class
Reader entry: Teacher.class
Reader entry: TeacherLogin.class
Reader entry: TeacherSmall.class
Listing file:/C:/Users/putao/Desktop/school/target/classes/com/ecut/pojo
Find JAR URL: file:/C:/Users/putao/Desktop/school/target/classes/com/ecut/pojo/Admin.class
Not a JAR: file:/C:/Users/putao/Desktop/school/target/classes/com/ecut/pojo/Admin.class
Reader entry: 漱壕&amp#0;&amp#0;&amp#0;4&amp#0;V	&amp#0;&amp#4;&amp#0;A	&amp#0;&amp#4;&amp#0;B	&amp#0;&amp#4;&amp#0;C&amp#7;&amp#0;D
Find JAR URL: file:/C:/Users/putao/Desktop/school/target/classes/com/ecut/pojo/Classes.class
Not a JAR: file:/C:/Users/putao/Desktop/school/target/classes/com/ecut/pojo/Classes.class
Reader entry: 漱壕&amp#0;&amp#0;&amp#0;4&amp#0;z	&amp#0;&amp#6;&amp#0;]	&amp#0;&amp#6;&amp#0;^	&amp#0;&amp#6;&amp#0;_	&amp#0;&amp#6;&amp#0;`	&amp#0;&amp#6;&amp#0;a&amp#7;&amp#0;b
Find JAR URL: file:/C:/Users/putao/Desktop/school/target/classes/com/ecut/pojo/ClassesSmall.class
Not a JAR: file:/C:/Users/putao/Desktop/school/target/classes/com/ecut/pojo/ClassesSmall.class
Reader entry: 漱壕&amp#0;&amp#0;&amp#0;4&amp#0;J	&amp#0;&amp#3;&amp#0;8	&amp#0;&amp#3;&amp#0;9&amp#7;&amp#0;:
Find JAR URL: file:/C:/Users/putao/Desktop/school/target/classes/com/ecut/pojo/Course.class
Not a JAR: file:/C:/Users/putao/Desktop/school/target/classes/com/ecut/pojo/Course.class
Reader entry: 漱壕&amp#0;&amp#0;&amp#0;4&amp#0;�	&amp#0;	&amp#0;}	&amp#0;	&amp#0;~	&amp#0;	&amp#0;	&amp#0;	&amp#0;�	&amp#0;	&amp#0;�	&amp#0;	&amp#0;�	&amp#0;	&amp#0;�	&amp#0;	&amp#0;�&amp#7;&amp#0;�
Find JAR URL: file:/C:/Users/putao/Desktop/school/target/classes/com/ecut/pojo/CourseScore.class
Not a JAR: file:/C:/Users/putao/Desktop/school/target/classes/com/ecut/pojo/CourseScore.class
Reader entry: 漱壕&amp#0;&amp#0;&amp#0;4&amp#0;t	&amp#0;&amp#6;&amp#0;W	&amp#0;&amp#6;&amp#0;X	&amp#0;&amp#6;&amp#0;Y	&amp#0;&amp#6;&amp#0;Z	&amp#0;&amp#6;&amp#0;[&amp#7;&amp#0;\
Find JAR URL: file:/C:/Users/putao/Desktop/school/target/classes/com/ecut/pojo/CourseSmall.class
Not a JAR: file:/C:/Users/putao/Desktop/school/target/classes/com/ecut/pojo/CourseSmall.class
Reader entry: 漱壕&amp#0;&amp#0;&amp#0;4&amp#0;J	&amp#0;&amp#3;&amp#0;8	&amp#0;&amp#3;&amp#0;9&amp#7;&amp#0;:
Find JAR URL: file:/C:/Users/putao/Desktop/school/target/classes/com/ecut/pojo/Jobs.class
Not a JAR: file:/C:/Users/putao/Desktop/school/target/classes/com/ecut/pojo/Jobs.class
Reader entry: 漱壕&amp#0;&amp#0;&amp#0;4&amp#0;�	&amp#0;&amp#7;&amp#0;`	&amp#0;&amp#7;&amp#0;a	&amp#0;&amp#7;&amp#0;b	&amp#0;&amp#7;&amp#0;c	&amp#0;&amp#7;&amp#0;d	&amp#0;&amp#7;&amp#0;e&amp#7;&amp#0;f
Find JAR URL: file:/C:/Users/putao/Desktop/school/target/classes/com/ecut/pojo/Lecture.class
Not a JAR: file:/C:/Users/putao/Desktop/school/target/classes/com/ecut/pojo/Lecture.class
Reader entry: 漱壕&amp#0;&amp#0;&amp#0;4&amp#0;�	&amp#0;&amp#7;&amp#0;c	&amp#0;&amp#7;&amp#0;d	&amp#0;&amp#7;&amp#0;e	&amp#0;&amp#7;&amp#0;f	&amp#0;&amp#7;&amp#0;g	&amp#0;&amp#7;&amp#0;h&amp#7;&amp#0;i
Find JAR URL: file:/C:/Users/putao/Desktop/school/target/classes/com/ecut/pojo/Lost.class
Not a JAR: file:/C:/Users/putao/Desktop/school/target/classes/com/ecut/pojo/Lost.class
Reader entry: 漱壕&amp#0;&amp#0;&amp#0;4&amp#0;&amp#26;
Find JAR URL: file:/C:/Users/putao/Desktop/school/target/classes/com/ecut/pojo/Page.class
Not a JAR: file:/C:/Users/putao/Desktop/school/target/classes/com/ecut/pojo/Page.class
Reader entry: 漱壕&amp#0;&amp#0;&amp#0;4&amp#0;<
Find JAR URL: file:/C:/Users/putao/Desktop/school/target/classes/com/ecut/pojo/Score.class
Not a JAR: file:/C:/Users/putao/Desktop/school/target/classes/com/ecut/pojo/Score.class
Reader entry: 漱壕&amp#0;&amp#0;&amp#0;4&amp#0;\	&amp#0;&amp#4;&amp#0;E	&amp#0;&amp#4;&amp#0;F	&amp#0;&amp#4;&amp#0;G&amp#7;&amp#0;H
Find JAR URL: file:/C:/Users/putao/Desktop/school/target/classes/com/ecut/pojo/SheTuan.class
Not a JAR: file:/C:/Users/putao/Desktop/school/target/classes/com/ecut/pojo/SheTuan.class
Reader entry: 漱壕&amp#0;&amp#0;&amp#0;4&amp#0;e	&amp#0;&amp#4;&amp#0;N	&amp#0;&amp#4;&amp#0;O	&amp#0;&amp#4;&amp#0;P&amp#7;&amp#0;Q
Find JAR URL: file:/C:/Users/putao/Desktop/school/target/classes/com/ecut/pojo/SheTuanActivity.class
Not a JAR: file:/C:/Users/putao/Desktop/school/target/classes/com/ecut/pojo/SheTuanActivity.class
Reader entry: 漱壕&amp#0;&amp#0;&amp#0;4&amp#0;�	&amp#0;&amp#7;&amp#0;c	&amp#0;&amp#7;&amp#0;d	&amp#0;&amp#7;&amp#0;e	&amp#0;&amp#7;&amp#0;f	&amp#0;&amp#7;&amp#0;g	&amp#0;&amp#7;&amp#0;h&amp#7;&amp#0;i
Find JAR URL: file:/C:/Users/putao/Desktop/school/target/classes/com/ecut/pojo/Student.class
Not a JAR: file:/C:/Users/putao/Desktop/school/target/classes/com/ecut/pojo/Student.class
Reader entry: 漱壕&amp#0;&amp#0;&amp#0;4&amp#0;�	&amp#0;&amp#11;&amp#0;�	&amp#0;&amp#11;&amp#0;�	&amp#0;&amp#11;&amp#0;�	&amp#0;&amp#11;&amp#0;�	&amp#0;&amp#11;&amp#0;�	&amp#0;&amp#11;&amp#0;�	&amp#0;&amp#11;&amp#0;�	&amp#0;&amp#11;&amp#0;�	&amp#0;&amp#11;&amp#0;�	&amp#0;&amp#11;&amp#0;�&amp#7;&amp#0;�
Find JAR URL: file:/C:/Users/putao/Desktop/school/target/classes/com/ecut/pojo/StudentLogin.class
Not a JAR: file:/C:/Users/putao/Desktop/school/target/classes/com/ecut/pojo/StudentLogin.class
Reader entry: 漱壕&amp#0;&amp#0;&amp#0;4&amp#0;J	&amp#0;&amp#3;&amp#0;8	&amp#0;&amp#3;&amp#0;9&amp#7;&amp#0;:
Find JAR URL: file:/C:/Users/putao/Desktop/school/target/classes/com/ecut/pojo/StudentSmall.class
Not a JAR: file:/C:/Users/putao/Desktop/school/target/classes/com/ecut/pojo/StudentSmall.class
Reader entry: 漱壕&amp#0;&amp#0;&amp#0;4&amp#0;J	&amp#0;&amp#3;&amp#0;8	&amp#0;&amp#3;&amp#0;9&amp#7;&amp#0;:
Find JAR URL: file:/C:/Users/putao/Desktop/school/target/classes/com/ecut/pojo/Tcourse.class
Not a JAR: file:/C:/Users/putao/Desktop/school/target/classes/com/ecut/pojo/Tcourse.class
Reader entry: 漱壕&amp#0;&amp#0;&amp#0;4&amp#0;J	&amp#0;&amp#3;&amp#0;8	&amp#0;&amp#3;&amp#0;9&amp#7;&amp#0;:
Find JAR URL: file:/C:/Users/putao/Desktop/school/target/classes/com/ecut/pojo/Teacher.class
Not a JAR: file:/C:/Users/putao/Desktop/school/target/classes/com/ecut/pojo/Teacher.class
Reader entry: 漱壕&amp#0;&amp#0;&amp#0;4&amp#0;�	&amp#0;	&amp#0;z	&amp#0;	&amp#0;{	&amp#0;	&amp#0;|	&amp#0;	&amp#0;}	&amp#0;	&amp#0;~	&amp#0;	&amp#0;	&amp#0;	&amp#0;�	&amp#0;	&amp#0;�&amp#7;&amp#0;�
Find JAR URL: file:/C:/Users/putao/Desktop/school/target/classes/com/ecut/pojo/TeacherLogin.class
Not a JAR: file:/C:/Users/putao/Desktop/school/target/classes/com/ecut/pojo/TeacherLogin.class
Reader entry: 漱壕&amp#0;&amp#0;&amp#0;4&amp#0;J	&amp#0;&amp#3;&amp#0;8	&amp#0;&amp#3;&amp#0;9&amp#7;&amp#0;:
Find JAR URL: file:/C:/Users/putao/Desktop/school/target/classes/com/ecut/pojo/TeacherSmall.class
Not a JAR: file:/C:/Users/putao/Desktop/school/target/classes/com/ecut/pojo/TeacherSmall.class
Reader entry: 漱壕&amp#0;&amp#0;&amp#0;4&amp#0;J	&amp#0;&amp#3;&amp#0;8	&amp#0;&amp#3;&amp#0;9&amp#7;&amp#0;:
Checking to see if class com.ecut.pojo.Admin matches criteria [is assignable to Object]
Checking to see if class com.ecut.pojo.Classes matches criteria [is assignable to Object]
Checking to see if class com.ecut.pojo.ClassesSmall matches criteria [is assignable to Object]
Checking to see if class com.ecut.pojo.Course matches criteria [is assignable to Object]
Checking to see if class com.ecut.pojo.CourseScore matches criteria [is assignable to Object]
Checking to see if class com.ecut.pojo.CourseSmall matches criteria [is assignable to Object]
Checking to see if class com.ecut.pojo.Jobs matches criteria [is assignable to Object]
Checking to see if class com.ecut.pojo.Lecture matches criteria [is assignable to Object]
Checking to see if class com.ecut.pojo.Lost matches criteria [is assignable to Object]
Checking to see if class com.ecut.pojo.Page matches criteria [is assignable to Object]
Checking to see if class com.ecut.pojo.Score matches criteria [is assignable to Object]
Checking to see if class com.ecut.pojo.SheTuan matches criteria [is assignable to Object]
Checking to see if class com.ecut.pojo.SheTuanActivity matches criteria [is assignable to Object]
Checking to see if class com.ecut.pojo.Student matches criteria [is assignable to Object]
Checking to see if class com.ecut.pojo.StudentLogin matches criteria [is assignable to Object]
Checking to see if class com.ecut.pojo.StudentSmall matches criteria [is assignable to Object]
Checking to see if class com.ecut.pojo.Tcourse matches criteria [is assignable to Object]
Checking to see if class com.ecut.pojo.Teacher matches criteria [is assignable to Object]
Checking to see if class com.ecut.pojo.TeacherLogin matches criteria [is assignable to Object]
Checking to see if class com.ecut.pojo.TeacherSmall matches criteria [is assignable to Object]
]]></system-out>
  </testcase>
</testsuite>